================================================================================
Logging to: logs/full_training_20251013_155755_features_gram2vec_output_coefficients.log
Started at: 2025-10-13 15:57:55
================================================================================


=== Using gram2vec features ===

Concatenating dataframes...
Train: 9948, Dev: 3316, Test: 3316
Cache enabled - config hash: 79bca0d00644
Cache directory: vector_cache
Using English constructions

=== Train data ===
  ✓ Loading cached vectors from vectors_train_79bca0d00644.parquet

=== Dev data ===
  ✓ Loading cached vectors from vectors_dev_79bca0d00644.parquet

=== Test data ===
  ✓ Loading cached vectors from vectors_test_79bca0d00644.parquet
Scaling features...
Training logistic regression model...
Evaluating model on test set...

Classification Report:
              precision    recall  f1-score   support

         gpt       0.99      1.00      1.00      1658
       human       1.00      0.99      1.00      1658

    accuracy                           1.00      3316
   macro avg       1.00      1.00      1.00      3316
weighted avg       1.00      1.00      1.00      3316


Coefficients saved to coefficients.csv

================================================================================
Completed at: 2025-10-13 15:59:01
Log saved to: logs/full_training_20251013_155755_features_gram2vec_output_coefficients.log
================================================================================
